<?xml version="1.0" encoding="UTF-8"?>
<testsuite xmlns:xsi="http://www.w3.org/2001/XMLSchema-instance" xsi:noNamespaceSchemaLocation="https://maven.apache.org/surefire/maven-surefire-plugin/xsd/surefire-test-report.xsd" name="com.shidu.example.storage.ShiduExampleSeataStorageApplicationTests" time="69.721" tests="1" errors="0" skipped="0" failures="0">
  <properties>
    <property name="sun.desktop" value="windows"/>
    <property name="awt.toolkit" value="sun.awt.windows.WToolkit"/>
    <property name="file.encoding.pkg" value="sun.io"/>
    <property name="java.specification.version" value="1.8"/>
    <property name="sun.cpu.isalist" value="amd64"/>
    <property name="sun.jnu.encoding" value="GBK"/>
    <property name="java.class.path" value="D:\Project\Java\MyDemo\springcloudDemo\springcloud-seata\springcloud-seata-at\springcloud-seata-at-storage\target\test-classes;D:\Project\Java\MyDemo\springcloudDemo\springcloud-seata\springcloud-seata-at\springcloud-seata-at-storage\target\classes;D:\Software\Develop\Maven\apache-maven-3.8.3-bin\apache-maven-3.8.3\repository\org\springframework\boot\spring-boot-starter-web\2.4.8\spring-boot-starter-web-2.4.8.jar;D:\Software\Develop\Maven\apache-maven-3.8.3-bin\apache-maven-3.8.3\repository\org\springframework\boot\spring-boot-starter\2.4.8\spring-boot-starter-2.4.8.jar;D:\Software\Develop\Maven\apache-maven-3.8.3-bin\apache-maven-3.8.3\repository\org\springframework\boot\spring-boot\2.4.8\spring-boot-2.4.8.jar;D:\Software\Develop\Maven\apache-maven-3.8.3-bin\apache-maven-3.8.3\repository\org\springframework\boot\spring-boot-autoconfigure\2.4.8\spring-boot-autoconfigure-2.4.8.jar;D:\Software\Develop\Maven\apache-maven-3.8.3-bin\apache-maven-3.8.3\repository\org\springframework\boot\spring-boot-starter-logging\2.4.8\spring-boot-starter-logging-2.4.8.jar;D:\Software\Develop\Maven\apache-maven-3.8.3-bin\apache-maven-3.8.3\repository\ch\qos\logback\logback-classic\1.2.3\logback-classic-1.2.3.jar;D:\Software\Develop\Maven\apache-maven-3.8.3-bin\apache-maven-3.8.3\repository\ch\qos\logback\logback-core\1.2.3\logback-core-1.2.3.jar;D:\Software\Develop\Maven\apache-maven-3.8.3-bin\apache-maven-3.8.3\repository\org\apache\logging\log4j\log4j-to-slf4j\2.13.3\log4j-to-slf4j-2.13.3.jar;D:\Software\Develop\Maven\apache-maven-3.8.3-bin\apache-maven-3.8.3\repository\org\apache\logging\log4j\log4j-api\2.13.3\log4j-api-2.13.3.jar;D:\Software\Develop\Maven\apache-maven-3.8.3-bin\apache-maven-3.8.3\repository\org\slf4j\jul-to-slf4j\1.7.31\jul-to-slf4j-1.7.31.jar;D:\Software\Develop\Maven\apache-maven-3.8.3-bin\apache-maven-3.8.3\repository\jakarta\annotation\jakarta.annotation-api\1.3.5\jakarta.annotation-api-1.3.5.jar;D:\Software\Develop\Maven\apache-maven-3.8.3-bin\apache-maven-3.8.3\repository\org\yaml\snakeyaml\1.27\snakeyaml-1.27.jar;D:\Software\Develop\Maven\apache-maven-3.8.3-bin\apache-maven-3.8.3\repository\org\springframework\boot\spring-boot-starter-json\2.4.8\spring-boot-starter-json-2.4.8.jar;D:\Software\Develop\Maven\apache-maven-3.8.3-bin\apache-maven-3.8.3\repository\com\fasterxml\jackson\core\jackson-databind\2.11.4\jackson-databind-2.11.4.jar;D:\Software\Develop\Maven\apache-maven-3.8.3-bin\apache-maven-3.8.3\repository\com\fasterxml\jackson\core\jackson-annotations\2.11.4\jackson-annotations-2.11.4.jar;D:\Software\Develop\Maven\apache-maven-3.8.3-bin\apache-maven-3.8.3\repository\com\fasterxml\jackson\datatype\jackson-datatype-jdk8\2.11.4\jackson-datatype-jdk8-2.11.4.jar;D:\Software\Develop\Maven\apache-maven-3.8.3-bin\apache-maven-3.8.3\repository\com\fasterxml\jackson\datatype\jackson-datatype-jsr310\2.11.4\jackson-datatype-jsr310-2.11.4.jar;D:\Software\Develop\Maven\apache-maven-3.8.3-bin\apache-maven-3.8.3\repository\com\fasterxml\jackson\module\jackson-module-parameter-names\2.11.4\jackson-module-parameter-names-2.11.4.jar;D:\Software\Develop\Maven\apache-maven-3.8.3-bin\apache-maven-3.8.3\repository\org\springframework\boot\spring-boot-starter-tomcat\2.4.8\spring-boot-starter-tomcat-2.4.8.jar;D:\Software\Develop\Maven\apache-maven-3.8.3-bin\apache-maven-3.8.3\repository\org\apache\tomcat\embed\tomcat-embed-core\9.0.48\tomcat-embed-core-9.0.48.jar;D:\Software\Develop\Maven\apache-maven-3.8.3-bin\apache-maven-3.8.3\repository\org\glassfish\jakarta.el\3.0.3\jakarta.el-3.0.3.jar;D:\Software\Develop\Maven\apache-maven-3.8.3-bin\apache-maven-3.8.3\repository\org\apache\tomcat\embed\tomcat-embed-websocket\9.0.48\tomcat-embed-websocket-9.0.48.jar;D:\Software\Develop\Maven\apache-maven-3.8.3-bin\apache-maven-3.8.3\repository\org\springframework\spring-web\5.3.8\spring-web-5.3.8.jar;D:\Software\Develop\Maven\apache-maven-3.8.3-bin\apache-maven-3.8.3\repository\org\springframework\spring-beans\5.3.8\spring-beans-5.3.8.jar;D:\Software\Develop\Maven\apache-maven-3.8.3-bin\apache-maven-3.8.3\repository\org\springframework\spring-webmvc\5.3.8\spring-webmvc-5.3.8.jar;D:\Software\Develop\Maven\apache-maven-3.8.3-bin\apache-maven-3.8.3\repository\org\springframework\spring-aop\5.3.8\spring-aop-5.3.8.jar;D:\Software\Develop\Maven\apache-maven-3.8.3-bin\apache-maven-3.8.3\repository\org\springframework\spring-context\5.3.8\spring-context-5.3.8.jar;D:\Software\Develop\Maven\apache-maven-3.8.3-bin\apache-maven-3.8.3\repository\org\springframework\spring-expression\5.3.8\spring-expression-5.3.8.jar;D:\Software\Develop\Maven\apache-maven-3.8.3-bin\apache-maven-3.8.3\repository\org\projectlombok\lombok\1.18.12\lombok-1.18.12.jar;D:\Software\Develop\Maven\apache-maven-3.8.3-bin\apache-maven-3.8.3\repository\org\springframework\boot\spring-boot-starter-test\2.4.8\spring-boot-starter-test-2.4.8.jar;D:\Software\Develop\Maven\apache-maven-3.8.3-bin\apache-maven-3.8.3\repository\org\springframework\boot\spring-boot-test\2.4.8\spring-boot-test-2.4.8.jar;D:\Software\Develop\Maven\apache-maven-3.8.3-bin\apache-maven-3.8.3\repository\org\springframework\boot\spring-boot-test-autoconfigure\2.4.8\spring-boot-test-autoconfigure-2.4.8.jar;D:\Software\Develop\Maven\apache-maven-3.8.3-bin\apache-maven-3.8.3\repository\com\jayway\jsonpath\json-path\2.4.0\json-path-2.4.0.jar;D:\Software\Develop\Maven\apache-maven-3.8.3-bin\apache-maven-3.8.3\repository\net\minidev\json-smart\2.3.1\json-smart-2.3.1.jar;D:\Software\Develop\Maven\apache-maven-3.8.3-bin\apache-maven-3.8.3\repository\net\minidev\accessors-smart\2.3.1\accessors-smart-2.3.1.jar;D:\Software\Develop\Maven\apache-maven-3.8.3-bin\apache-maven-3.8.3\repository\org\slf4j\slf4j-api\1.7.31\slf4j-api-1.7.31.jar;D:\Software\Develop\Maven\apache-maven-3.8.3-bin\apache-maven-3.8.3\repository\jakarta\xml\bind\jakarta.xml.bind-api\2.3.3\jakarta.xml.bind-api-2.3.3.jar;D:\Software\Develop\Maven\apache-maven-3.8.3-bin\apache-maven-3.8.3\repository\jakarta\activation\jakarta.activation-api\1.2.2\jakarta.activation-api-1.2.2.jar;D:\Software\Develop\Maven\apache-maven-3.8.3-bin\apache-maven-3.8.3\repository\org\assertj\assertj-core\3.18.1\assertj-core-3.18.1.jar;D:\Software\Develop\Maven\apache-maven-3.8.3-bin\apache-maven-3.8.3\repository\org\hamcrest\hamcrest\2.2\hamcrest-2.2.jar;D:\Software\Develop\Maven\apache-maven-3.8.3-bin\apache-maven-3.8.3\repository\org\junit\jupiter\junit-jupiter\5.7.2\junit-jupiter-5.7.2.jar;D:\Software\Develop\Maven\apache-maven-3.8.3-bin\apache-maven-3.8.3\repository\org\junit\jupiter\junit-jupiter-api\5.7.2\junit-jupiter-api-5.7.2.jar;D:\Software\Develop\Maven\apache-maven-3.8.3-bin\apache-maven-3.8.3\repository\org\apiguardian\apiguardian-api\1.1.0\apiguardian-api-1.1.0.jar;D:\Software\Develop\Maven\apache-maven-3.8.3-bin\apache-maven-3.8.3\repository\org\opentest4j\opentest4j\1.2.0\opentest4j-1.2.0.jar;D:\Software\Develop\Maven\apache-maven-3.8.3-bin\apache-maven-3.8.3\repository\org\junit\platform\junit-platform-commons\1.7.2\junit-platform-commons-1.7.2.jar;D:\Software\Develop\Maven\apache-maven-3.8.3-bin\apache-maven-3.8.3\repository\org\junit\jupiter\junit-jupiter-params\5.7.2\junit-jupiter-params-5.7.2.jar;D:\Software\Develop\Maven\apache-maven-3.8.3-bin\apache-maven-3.8.3\repository\org\junit\jupiter\junit-jupiter-engine\5.7.2\junit-jupiter-engine-5.7.2.jar;D:\Software\Develop\Maven\apache-maven-3.8.3-bin\apache-maven-3.8.3\repository\org\junit\platform\junit-platform-engine\1.7.2\junit-platform-engine-1.7.2.jar;D:\Software\Develop\Maven\apache-maven-3.8.3-bin\apache-maven-3.8.3\repository\org\mockito\mockito-core\3.6.28\mockito-core-3.6.28.jar;D:\Software\Develop\Maven\apache-maven-3.8.3-bin\apache-maven-3.8.3\repository\net\bytebuddy\byte-buddy\1.10.22\byte-buddy-1.10.22.jar;D:\Software\Develop\Maven\apache-maven-3.8.3-bin\apache-maven-3.8.3\repository\net\bytebuddy\byte-buddy-agent\1.10.22\byte-buddy-agent-1.10.22.jar;D:\Software\Develop\Maven\apache-maven-3.8.3-bin\apache-maven-3.8.3\repository\org\objenesis\objenesis\3.1\objenesis-3.1.jar;D:\Software\Develop\Maven\apache-maven-3.8.3-bin\apache-maven-3.8.3\repository\org\mockito\mockito-junit-jupiter\3.6.28\mockito-junit-jupiter-3.6.28.jar;D:\Software\Develop\Maven\apache-maven-3.8.3-bin\apache-maven-3.8.3\repository\org\skyscreamer\jsonassert\1.5.0\jsonassert-1.5.0.jar;D:\Software\Develop\Maven\apache-maven-3.8.3-bin\apache-maven-3.8.3\repository\com\vaadin\external\google\android-json\0.0.20131108.vaadin1\android-json-0.0.20131108.vaadin1.jar;D:\Software\Develop\Maven\apache-maven-3.8.3-bin\apache-maven-3.8.3\repository\org\springframework\spring-core\5.3.8\spring-core-5.3.8.jar;D:\Software\Develop\Maven\apache-maven-3.8.3-bin\apache-maven-3.8.3\repository\org\springframework\spring-jcl\5.3.8\spring-jcl-5.3.8.jar;D:\Software\Develop\Maven\apache-maven-3.8.3-bin\apache-maven-3.8.3\repository\org\springframework\spring-test\5.3.8\spring-test-5.3.8.jar;D:\Software\Develop\Maven\apache-maven-3.8.3-bin\apache-maven-3.8.3\repository\org\xmlunit\xmlunit-core\2.7.0\xmlunit-core-2.7.0.jar;D:\Software\Develop\Maven\apache-maven-3.8.3-bin\apache-maven-3.8.3\repository\com\alibaba\cloud\spring-cloud-starter-alibaba-nacos-discovery\2021.1\spring-cloud-starter-alibaba-nacos-discovery-2021.1.jar;D:\Software\Develop\Maven\apache-maven-3.8.3-bin\apache-maven-3.8.3\repository\com\alibaba\cloud\spring-cloud-alibaba-commons\2021.1\spring-cloud-alibaba-commons-2021.1.jar;D:\Software\Develop\Maven\apache-maven-3.8.3-bin\apache-maven-3.8.3\repository\com\alibaba\nacos\nacos-client\1.4.1\nacos-client-1.4.1.jar;D:\Software\Develop\Maven\apache-maven-3.8.3-bin\apache-maven-3.8.3\repository\com\alibaba\nacos\nacos-common\1.4.1\nacos-common-1.4.1.jar;D:\Software\Develop\Maven\apache-maven-3.8.3-bin\apache-maven-3.8.3\repository\commons-io\commons-io\2.11.0\commons-io-2.11.0.jar;D:\Software\Develop\Maven\apache-maven-3.8.3-bin\apache-maven-3.8.3\repository\org\apache\httpcomponents\httpasyncclient\4.1.4\httpasyncclient-4.1.4.jar;D:\Software\Develop\Maven\apache-maven-3.8.3-bin\apache-maven-3.8.3\repository\org\apache\httpcomponents\httpcore\4.4.14\httpcore-4.4.14.jar;D:\Software\Develop\Maven\apache-maven-3.8.3-bin\apache-maven-3.8.3\repository\org\apache\httpcomponents\httpcore-nio\4.4.14\httpcore-nio-4.4.14.jar;D:\Software\Develop\Maven\apache-maven-3.8.3-bin\apache-maven-3.8.3\repository\org\apache\httpcomponents\httpclient\4.5.13\httpclient-4.5.13.jar;D:\Software\Develop\Maven\apache-maven-3.8.3-bin\apache-maven-3.8.3\repository\com\alibaba\nacos\nacos-api\1.4.1\nacos-api-1.4.1.jar;D:\Software\Develop\Maven\apache-maven-3.8.3-bin\apache-maven-3.8.3\repository\com\google\guava\guava\24.1.1-jre\guava-24.1.1-jre.jar;D:\Software\Develop\Maven\apache-maven-3.8.3-bin\apache-maven-3.8.3\repository\com\google\code\findbugs\jsr305\1.3.9\jsr305-1.3.9.jar;D:\Software\Develop\Maven\apache-maven-3.8.3-bin\apache-maven-3.8.3\repository\org\checkerframework\checker-compat-qual\2.0.0\checker-compat-qual-2.0.0.jar;D:\Software\Develop\Maven\apache-maven-3.8.3-bin\apache-maven-3.8.3\repository\com\google\errorprone\error_prone_annotations\2.1.3\error_prone_annotations-2.1.3.jar;D:\Software\Develop\Maven\apache-maven-3.8.3-bin\apache-maven-3.8.3\repository\com\google\j2objc\j2objc-annotations\1.1\j2objc-annotations-1.1.jar;D:\Software\Develop\Maven\apache-maven-3.8.3-bin\apache-maven-3.8.3\repository\org\codehaus\mojo\animal-sniffer-annotations\1.14\animal-sniffer-annotations-1.14.jar;D:\Software\Develop\Maven\apache-maven-3.8.3-bin\apache-maven-3.8.3\repository\commons-codec\commons-codec\1.15\commons-codec-1.15.jar;D:\Software\Develop\Maven\apache-maven-3.8.3-bin\apache-maven-3.8.3\repository\com\fasterxml\jackson\core\jackson-core\2.11.4\jackson-core-2.11.4.jar;D:\Software\Develop\Maven\apache-maven-3.8.3-bin\apache-maven-3.8.3\repository\io\prometheus\simpleclient\0.5.0\simpleclient-0.5.0.jar;D:\Software\Develop\Maven\apache-maven-3.8.3-bin\apache-maven-3.8.3\repository\com\alibaba\spring\spring-context-support\1.0.10\spring-context-support-1.0.10.jar;D:\Software\Develop\Maven\apache-maven-3.8.3-bin\apache-maven-3.8.3\repository\org\springframework\cloud\spring-cloud-commons\3.0.3\spring-cloud-commons-3.0.3.jar;D:\Software\Develop\Maven\apache-maven-3.8.3-bin\apache-maven-3.8.3\repository\org\springframework\security\spring-security-crypto\5.4.7\spring-security-crypto-5.4.7.jar;D:\Software\Develop\Maven\apache-maven-3.8.3-bin\apache-maven-3.8.3\repository\org\springframework\cloud\spring-cloud-context\3.0.3\spring-cloud-context-3.0.3.jar;D:\Software\Develop\Maven\apache-maven-3.8.3-bin\apache-maven-3.8.3\repository\com\alibaba\cloud\spring-cloud-starter-alibaba-nacos-config\2021.1\spring-cloud-starter-alibaba-nacos-config-2021.1.jar;D:\Software\Develop\Maven\apache-maven-3.8.3-bin\apache-maven-3.8.3\repository\com\alibaba\cloud\spring-cloud-starter-alibaba-seata\2021.1\spring-cloud-starter-alibaba-seata-2021.1.jar;D:\Software\Develop\Maven\apache-maven-3.8.3-bin\apache-maven-3.8.3\repository\org\springframework\boot\spring-boot-starter-aop\2.4.8\spring-boot-starter-aop-2.4.8.jar;D:\Software\Develop\Maven\apache-maven-3.8.3-bin\apache-maven-3.8.3\repository\org\aspectj\aspectjweaver\1.9.6\aspectjweaver-1.9.6.jar;D:\Software\Develop\Maven\apache-maven-3.8.3-bin\apache-maven-3.8.3\repository\io\seata\seata-spring-boot-starter\1.3.0\seata-spring-boot-starter-1.3.0.jar;D:\Software\Develop\Maven\apache-maven-3.8.3-bin\apache-maven-3.8.3\repository\io\seata\seata-all\1.3.0\seata-all-1.3.0.jar;D:\Software\Develop\Maven\apache-maven-3.8.3-bin\apache-maven-3.8.3\repository\io\netty\netty-all\4.1.65.Final\netty-all-4.1.65.Final.jar;D:\Software\Develop\Maven\apache-maven-3.8.3-bin\apache-maven-3.8.3\repository\com\alibaba\fastjson\1.2.60\fastjson-1.2.60.jar;D:\Software\Develop\Maven\apache-maven-3.8.3-bin\apache-maven-3.8.3\repository\com\alibaba\druid\1.1.12\druid-1.1.12.jar;D:\Software\Develop\Maven\apache-maven-3.8.3-bin\apache-maven-3.8.3\repository\com\typesafe\config\1.2.1\config-1.2.1.jar;D:\Software\Develop\Maven\apache-maven-3.8.3-bin\apache-maven-3.8.3\repository\commons-lang\commons-lang\2.6\commons-lang-2.6.jar;D:\Software\Develop\Maven\apache-maven-3.8.3-bin\apache-maven-3.8.3\repository\org\apache\commons\commons-pool2\2.9.0\commons-pool2-2.9.0.jar;D:\Software\Develop\Maven\apache-maven-3.8.3-bin\apache-maven-3.8.3\repository\commons-pool\commons-pool\1.6\commons-pool-1.6.jar;D:\Software\Develop\Maven\apache-maven-3.8.3-bin\apache-maven-3.8.3\repository\com\google\protobuf\protobuf-java\3.7.1\protobuf-java-3.7.1.jar;D:\Software\Develop\Maven\apache-maven-3.8.3-bin\apache-maven-3.8.3\repository\cglib\cglib\3.1\cglib-3.1.jar;D:\Software\Develop\Maven\apache-maven-3.8.3-bin\apache-maven-3.8.3\repository\org\ow2\asm\asm\4.2\asm-4.2.jar;D:\Software\Develop\Maven\apache-maven-3.8.3-bin\apache-maven-3.8.3\repository\aopalliance\aopalliance\1.0\aopalliance-1.0.jar;D:\Software\Develop\Maven\apache-maven-3.8.3-bin\apache-maven-3.8.3\repository\com\github\ben-manes\caffeine\caffeine\2.8.8\caffeine-2.8.8.jar;D:\Software\Develop\Maven\apache-maven-3.8.3-bin\apache-maven-3.8.3\repository\org\checkerframework\checker-qual\3.8.0\checker-qual-3.8.0.jar;D:\Software\Develop\Maven\apache-maven-3.8.3-bin\apache-maven-3.8.3\repository\tk\mybatis\mapper-spring-boot-starter\2.1.5\mapper-spring-boot-starter-2.1.5.jar;D:\Software\Develop\Maven\apache-maven-3.8.3-bin\apache-maven-3.8.3\repository\org\springframework\boot\spring-boot-starter-jdbc\2.4.8\spring-boot-starter-jdbc-2.4.8.jar;D:\Software\Develop\Maven\apache-maven-3.8.3-bin\apache-maven-3.8.3\repository\com\zaxxer\HikariCP\3.4.5\HikariCP-3.4.5.jar;D:\Software\Develop\Maven\apache-maven-3.8.3-bin\apache-maven-3.8.3\repository\org\springframework\spring-jdbc\5.3.8\spring-jdbc-5.3.8.jar;D:\Software\Develop\Maven\apache-maven-3.8.3-bin\apache-maven-3.8.3\repository\org\springframework\spring-tx\5.3.8\spring-tx-5.3.8.jar;D:\Software\Develop\Maven\apache-maven-3.8.3-bin\apache-maven-3.8.3\repository\org\mybatis\mybatis\3.5.7\mybatis-3.5.7.jar;D:\Software\Develop\Maven\apache-maven-3.8.3-bin\apache-maven-3.8.3\repository\org\mybatis\mybatis-spring\1.3.2\mybatis-spring-1.3.2.jar;D:\Software\Develop\Maven\apache-maven-3.8.3-bin\apache-maven-3.8.3\repository\tk\mybatis\mapper-core\1.1.5\mapper-core-1.1.5.jar;D:\Software\Develop\Maven\apache-maven-3.8.3-bin\apache-maven-3.8.3\repository\tk\mybatis\mapper-base\1.1.5\mapper-base-1.1.5.jar;D:\Software\Develop\Maven\apache-maven-3.8.3-bin\apache-maven-3.8.3\repository\tk\mybatis\mapper-weekend\1.1.5\mapper-weekend-1.1.5.jar;D:\Software\Develop\Maven\apache-maven-3.8.3-bin\apache-maven-3.8.3\repository\tk\mybatis\mapper-spring\1.1.5\mapper-spring-1.1.5.jar;D:\Software\Develop\Maven\apache-maven-3.8.3-bin\apache-maven-3.8.3\repository\tk\mybatis\mapper-extra\1.1.5\mapper-extra-1.1.5.jar;D:\Software\Develop\Maven\apache-maven-3.8.3-bin\apache-maven-3.8.3\repository\tk\mybatis\mapper-spring-boot-autoconfigure\2.1.5\mapper-spring-boot-autoconfigure-2.1.5.jar;D:\Software\Develop\Maven\apache-maven-3.8.3-bin\apache-maven-3.8.3\repository\tk\mybatis\mapper\4.1.5\mapper-4.1.5.jar;D:\Software\Develop\Maven\apache-maven-3.8.3-bin\apache-maven-3.8.3\repository\javax\persistence\persistence-api\1.0\persistence-api-1.0.jar;D:\Software\Develop\Maven\apache-maven-3.8.3-bin\apache-maven-3.8.3\repository\mysql\mysql-connector-java\8.0.25\mysql-connector-java-8.0.25.jar;D:\Software\Develop\Maven\apache-maven-3.8.3-bin\apache-maven-3.8.3\repository\org\springframework\cloud\spring-cloud-starter-openfeign\3.0.3\spring-cloud-starter-openfeign-3.0.3.jar;D:\Software\Develop\Maven\apache-maven-3.8.3-bin\apache-maven-3.8.3\repository\org\springframework\cloud\spring-cloud-starter\3.0.3\spring-cloud-starter-3.0.3.jar;D:\Software\Develop\Maven\apache-maven-3.8.3-bin\apache-maven-3.8.3\repository\org\springframework\security\spring-security-rsa\1.0.10.RELEASE\spring-security-rsa-1.0.10.RELEASE.jar;D:\Software\Develop\Maven\apache-maven-3.8.3-bin\apache-maven-3.8.3\repository\org\bouncycastle\bcpkix-jdk15on\1.68\bcpkix-jdk15on-1.68.jar;D:\Software\Develop\Maven\apache-maven-3.8.3-bin\apache-maven-3.8.3\repository\org\bouncycastle\bcprov-jdk15on\1.68\bcprov-jdk15on-1.68.jar;D:\Software\Develop\Maven\apache-maven-3.8.3-bin\apache-maven-3.8.3\repository\org\springframework\cloud\spring-cloud-openfeign-core\3.0.3\spring-cloud-openfeign-core-3.0.3.jar;D:\Software\Develop\Maven\apache-maven-3.8.3-bin\apache-maven-3.8.3\repository\io\github\openfeign\form\feign-form-spring\3.8.0\feign-form-spring-3.8.0.jar;D:\Software\Develop\Maven\apache-maven-3.8.3-bin\apache-maven-3.8.3\repository\io\github\openfeign\form\feign-form\3.8.0\feign-form-3.8.0.jar;D:\Software\Develop\Maven\apache-maven-3.8.3-bin\apache-maven-3.8.3\repository\commons-fileupload\commons-fileupload\1.4\commons-fileupload-1.4.jar;D:\Software\Develop\Maven\apache-maven-3.8.3-bin\apache-maven-3.8.3\repository\io\github\openfeign\feign-core\10.12\feign-core-10.12.jar;D:\Software\Develop\Maven\apache-maven-3.8.3-bin\apache-maven-3.8.3\repository\io\github\openfeign\feign-slf4j\10.12\feign-slf4j-10.12.jar;D:\Software\Develop\Maven\apache-maven-3.8.3-bin\apache-maven-3.8.3\repository\io\github\openfeign\feign-okhttp\10.2.3\feign-okhttp-10.2.3.jar;D:\Software\Develop\Maven\apache-maven-3.8.3-bin\apache-maven-3.8.3\repository\com\squareup\okhttp3\okhttp\3.14.9\okhttp-3.14.9.jar;D:\Software\Develop\Maven\apache-maven-3.8.3-bin\apache-maven-3.8.3\repository\com\squareup\okio\okio\1.17.2\okio-1.17.2.jar;D:\Software\Develop\Maven\apache-maven-3.8.3-bin\apache-maven-3.8.3\repository\org\springframework\cloud\spring-cloud-starter-bootstrap\3.0.3\spring-cloud-starter-bootstrap-3.0.3.jar;"/>
    <property name="java.vm.vendor" value="Oracle Corporation"/>
    <property name="sun.arch.data.model" value="64"/>
    <property name="user.variant" value=""/>
    <property name="java.vendor.url" value="http://java.oracle.com/"/>
    <property name="user.timezone" value="Asia/Shanghai"/>
    <property name="java.vm.specification.version" value="1.8"/>
    <property name="os.name" value="Windows 10"/>
    <property name="user.country" value="CN"/>
    <property name="sun.java.launcher" value="SUN_STANDARD"/>
    <property name="sun.boot.library.path" value="D:\Software\Develop\Java\jdk1.8.0_281\jre\bin"/>
    <property name="sun.java.command" value="C:\Users\yao\AppData\Local\Temp\surefire7049799678912475184\surefirebooter1431597093027657490.jar C:\Users\yao\AppData\Local\Temp\surefire7049799678912475184 2021-12-09T17-15-14_131-jvmRun1 surefire788902239888268929tmp surefire_42900644679557002992tmp"/>
    <property name="surefire.test.class.path" value="D:\Project\Java\MyDemo\springcloudDemo\springcloud-seata\springcloud-seata-at\springcloud-seata-at-storage\target\test-classes;D:\Project\Java\MyDemo\springcloudDemo\springcloud-seata\springcloud-seata-at\springcloud-seata-at-storage\target\classes;D:\Software\Develop\Maven\apache-maven-3.8.3-bin\apache-maven-3.8.3\repository\org\springframework\boot\spring-boot-starter-web\2.4.8\spring-boot-starter-web-2.4.8.jar;D:\Software\Develop\Maven\apache-maven-3.8.3-bin\apache-maven-3.8.3\repository\org\springframework\boot\spring-boot-starter\2.4.8\spring-boot-starter-2.4.8.jar;D:\Software\Develop\Maven\apache-maven-3.8.3-bin\apache-maven-3.8.3\repository\org\springframework\boot\spring-boot\2.4.8\spring-boot-2.4.8.jar;D:\Software\Develop\Maven\apache-maven-3.8.3-bin\apache-maven-3.8.3\repository\org\springframework\boot\spring-boot-autoconfigure\2.4.8\spring-boot-autoconfigure-2.4.8.jar;D:\Software\Develop\Maven\apache-maven-3.8.3-bin\apache-maven-3.8.3\repository\org\springframework\boot\spring-boot-starter-logging\2.4.8\spring-boot-starter-logging-2.4.8.jar;D:\Software\Develop\Maven\apache-maven-3.8.3-bin\apache-maven-3.8.3\repository\ch\qos\logback\logback-classic\1.2.3\logback-classic-1.2.3.jar;D:\Software\Develop\Maven\apache-maven-3.8.3-bin\apache-maven-3.8.3\repository\ch\qos\logback\logback-core\1.2.3\logback-core-1.2.3.jar;D:\Software\Develop\Maven\apache-maven-3.8.3-bin\apache-maven-3.8.3\repository\org\apache\logging\log4j\log4j-to-slf4j\2.13.3\log4j-to-slf4j-2.13.3.jar;D:\Software\Develop\Maven\apache-maven-3.8.3-bin\apache-maven-3.8.3\repository\org\apache\logging\log4j\log4j-api\2.13.3\log4j-api-2.13.3.jar;D:\Software\Develop\Maven\apache-maven-3.8.3-bin\apache-maven-3.8.3\repository\org\slf4j\jul-to-slf4j\1.7.31\jul-to-slf4j-1.7.31.jar;D:\Software\Develop\Maven\apache-maven-3.8.3-bin\apache-maven-3.8.3\repository\jakarta\annotation\jakarta.annotation-api\1.3.5\jakarta.annotation-api-1.3.5.jar;D:\Software\Develop\Maven\apache-maven-3.8.3-bin\apache-maven-3.8.3\repository\org\yaml\snakeyaml\1.27\snakeyaml-1.27.jar;D:\Software\Develop\Maven\apache-maven-3.8.3-bin\apache-maven-3.8.3\repository\org\springframework\boot\spring-boot-starter-json\2.4.8\spring-boot-starter-json-2.4.8.jar;D:\Software\Develop\Maven\apache-maven-3.8.3-bin\apache-maven-3.8.3\repository\com\fasterxml\jackson\core\jackson-databind\2.11.4\jackson-databind-2.11.4.jar;D:\Software\Develop\Maven\apache-maven-3.8.3-bin\apache-maven-3.8.3\repository\com\fasterxml\jackson\core\jackson-annotations\2.11.4\jackson-annotations-2.11.4.jar;D:\Software\Develop\Maven\apache-maven-3.8.3-bin\apache-maven-3.8.3\repository\com\fasterxml\jackson\datatype\jackson-datatype-jdk8\2.11.4\jackson-datatype-jdk8-2.11.4.jar;D:\Software\Develop\Maven\apache-maven-3.8.3-bin\apache-maven-3.8.3\repository\com\fasterxml\jackson\datatype\jackson-datatype-jsr310\2.11.4\jackson-datatype-jsr310-2.11.4.jar;D:\Software\Develop\Maven\apache-maven-3.8.3-bin\apache-maven-3.8.3\repository\com\fasterxml\jackson\module\jackson-module-parameter-names\2.11.4\jackson-module-parameter-names-2.11.4.jar;D:\Software\Develop\Maven\apache-maven-3.8.3-bin\apache-maven-3.8.3\repository\org\springframework\boot\spring-boot-starter-tomcat\2.4.8\spring-boot-starter-tomcat-2.4.8.jar;D:\Software\Develop\Maven\apache-maven-3.8.3-bin\apache-maven-3.8.3\repository\org\apache\tomcat\embed\tomcat-embed-core\9.0.48\tomcat-embed-core-9.0.48.jar;D:\Software\Develop\Maven\apache-maven-3.8.3-bin\apache-maven-3.8.3\repository\org\glassfish\jakarta.el\3.0.3\jakarta.el-3.0.3.jar;D:\Software\Develop\Maven\apache-maven-3.8.3-bin\apache-maven-3.8.3\repository\org\apache\tomcat\embed\tomcat-embed-websocket\9.0.48\tomcat-embed-websocket-9.0.48.jar;D:\Software\Develop\Maven\apache-maven-3.8.3-bin\apache-maven-3.8.3\repository\org\springframework\spring-web\5.3.8\spring-web-5.3.8.jar;D:\Software\Develop\Maven\apache-maven-3.8.3-bin\apache-maven-3.8.3\repository\org\springframework\spring-beans\5.3.8\spring-beans-5.3.8.jar;D:\Software\Develop\Maven\apache-maven-3.8.3-bin\apache-maven-3.8.3\repository\org\springframework\spring-webmvc\5.3.8\spring-webmvc-5.3.8.jar;D:\Software\Develop\Maven\apache-maven-3.8.3-bin\apache-maven-3.8.3\repository\org\springframework\spring-aop\5.3.8\spring-aop-5.3.8.jar;D:\Software\Develop\Maven\apache-maven-3.8.3-bin\apache-maven-3.8.3\repository\org\springframework\spring-context\5.3.8\spring-context-5.3.8.jar;D:\Software\Develop\Maven\apache-maven-3.8.3-bin\apache-maven-3.8.3\repository\org\springframework\spring-expression\5.3.8\spring-expression-5.3.8.jar;D:\Software\Develop\Maven\apache-maven-3.8.3-bin\apache-maven-3.8.3\repository\org\projectlombok\lombok\1.18.12\lombok-1.18.12.jar;D:\Software\Develop\Maven\apache-maven-3.8.3-bin\apache-maven-3.8.3\repository\org\springframework\boot\spring-boot-starter-test\2.4.8\spring-boot-starter-test-2.4.8.jar;D:\Software\Develop\Maven\apache-maven-3.8.3-bin\apache-maven-3.8.3\repository\org\springframework\boot\spring-boot-test\2.4.8\spring-boot-test-2.4.8.jar;D:\Software\Develop\Maven\apache-maven-3.8.3-bin\apache-maven-3.8.3\repository\org\springframework\boot\spring-boot-test-autoconfigure\2.4.8\spring-boot-test-autoconfigure-2.4.8.jar;D:\Software\Develop\Maven\apache-maven-3.8.3-bin\apache-maven-3.8.3\repository\com\jayway\jsonpath\json-path\2.4.0\json-path-2.4.0.jar;D:\Software\Develop\Maven\apache-maven-3.8.3-bin\apache-maven-3.8.3\repository\net\minidev\json-smart\2.3.1\json-smart-2.3.1.jar;D:\Software\Develop\Maven\apache-maven-3.8.3-bin\apache-maven-3.8.3\repository\net\minidev\accessors-smart\2.3.1\accessors-smart-2.3.1.jar;D:\Software\Develop\Maven\apache-maven-3.8.3-bin\apache-maven-3.8.3\repository\org\slf4j\slf4j-api\1.7.31\slf4j-api-1.7.31.jar;D:\Software\Develop\Maven\apache-maven-3.8.3-bin\apache-maven-3.8.3\repository\jakarta\xml\bind\jakarta.xml.bind-api\2.3.3\jakarta.xml.bind-api-2.3.3.jar;D:\Software\Develop\Maven\apache-maven-3.8.3-bin\apache-maven-3.8.3\repository\jakarta\activation\jakarta.activation-api\1.2.2\jakarta.activation-api-1.2.2.jar;D:\Software\Develop\Maven\apache-maven-3.8.3-bin\apache-maven-3.8.3\repository\org\assertj\assertj-core\3.18.1\assertj-core-3.18.1.jar;D:\Software\Develop\Maven\apache-maven-3.8.3-bin\apache-maven-3.8.3\repository\org\hamcrest\hamcrest\2.2\hamcrest-2.2.jar;D:\Software\Develop\Maven\apache-maven-3.8.3-bin\apache-maven-3.8.3\repository\org\junit\jupiter\junit-jupiter\5.7.2\junit-jupiter-5.7.2.jar;D:\Software\Develop\Maven\apache-maven-3.8.3-bin\apache-maven-3.8.3\repository\org\junit\jupiter\junit-jupiter-api\5.7.2\junit-jupiter-api-5.7.2.jar;D:\Software\Develop\Maven\apache-maven-3.8.3-bin\apache-maven-3.8.3\repository\org\apiguardian\apiguardian-api\1.1.0\apiguardian-api-1.1.0.jar;D:\Software\Develop\Maven\apache-maven-3.8.3-bin\apache-maven-3.8.3\repository\org\opentest4j\opentest4j\1.2.0\opentest4j-1.2.0.jar;D:\Software\Develop\Maven\apache-maven-3.8.3-bin\apache-maven-3.8.3\repository\org\junit\platform\junit-platform-commons\1.7.2\junit-platform-commons-1.7.2.jar;D:\Software\Develop\Maven\apache-maven-3.8.3-bin\apache-maven-3.8.3\repository\org\junit\jupiter\junit-jupiter-params\5.7.2\junit-jupiter-params-5.7.2.jar;D:\Software\Develop\Maven\apache-maven-3.8.3-bin\apache-maven-3.8.3\repository\org\junit\jupiter\junit-jupiter-engine\5.7.2\junit-jupiter-engine-5.7.2.jar;D:\Software\Develop\Maven\apache-maven-3.8.3-bin\apache-maven-3.8.3\repository\org\junit\platform\junit-platform-engine\1.7.2\junit-platform-engine-1.7.2.jar;D:\Software\Develop\Maven\apache-maven-3.8.3-bin\apache-maven-3.8.3\repository\org\mockito\mockito-core\3.6.28\mockito-core-3.6.28.jar;D:\Software\Develop\Maven\apache-maven-3.8.3-bin\apache-maven-3.8.3\repository\net\bytebuddy\byte-buddy\1.10.22\byte-buddy-1.10.22.jar;D:\Software\Develop\Maven\apache-maven-3.8.3-bin\apache-maven-3.8.3\repository\net\bytebuddy\byte-buddy-agent\1.10.22\byte-buddy-agent-1.10.22.jar;D:\Software\Develop\Maven\apache-maven-3.8.3-bin\apache-maven-3.8.3\repository\org\objenesis\objenesis\3.1\objenesis-3.1.jar;D:\Software\Develop\Maven\apache-maven-3.8.3-bin\apache-maven-3.8.3\repository\org\mockito\mockito-junit-jupiter\3.6.28\mockito-junit-jupiter-3.6.28.jar;D:\Software\Develop\Maven\apache-maven-3.8.3-bin\apache-maven-3.8.3\repository\org\skyscreamer\jsonassert\1.5.0\jsonassert-1.5.0.jar;D:\Software\Develop\Maven\apache-maven-3.8.3-bin\apache-maven-3.8.3\repository\com\vaadin\external\google\android-json\0.0.20131108.vaadin1\android-json-0.0.20131108.vaadin1.jar;D:\Software\Develop\Maven\apache-maven-3.8.3-bin\apache-maven-3.8.3\repository\org\springframework\spring-core\5.3.8\spring-core-5.3.8.jar;D:\Software\Develop\Maven\apache-maven-3.8.3-bin\apache-maven-3.8.3\repository\org\springframework\spring-jcl\5.3.8\spring-jcl-5.3.8.jar;D:\Software\Develop\Maven\apache-maven-3.8.3-bin\apache-maven-3.8.3\repository\org\springframework\spring-test\5.3.8\spring-test-5.3.8.jar;D:\Software\Develop\Maven\apache-maven-3.8.3-bin\apache-maven-3.8.3\repository\org\xmlunit\xmlunit-core\2.7.0\xmlunit-core-2.7.0.jar;D:\Software\Develop\Maven\apache-maven-3.8.3-bin\apache-maven-3.8.3\repository\com\alibaba\cloud\spring-cloud-starter-alibaba-nacos-discovery\2021.1\spring-cloud-starter-alibaba-nacos-discovery-2021.1.jar;D:\Software\Develop\Maven\apache-maven-3.8.3-bin\apache-maven-3.8.3\repository\com\alibaba\cloud\spring-cloud-alibaba-commons\2021.1\spring-cloud-alibaba-commons-2021.1.jar;D:\Software\Develop\Maven\apache-maven-3.8.3-bin\apache-maven-3.8.3\repository\com\alibaba\nacos\nacos-client\1.4.1\nacos-client-1.4.1.jar;D:\Software\Develop\Maven\apache-maven-3.8.3-bin\apache-maven-3.8.3\repository\com\alibaba\nacos\nacos-common\1.4.1\nacos-common-1.4.1.jar;D:\Software\Develop\Maven\apache-maven-3.8.3-bin\apache-maven-3.8.3\repository\commons-io\commons-io\2.11.0\commons-io-2.11.0.jar;D:\Software\Develop\Maven\apache-maven-3.8.3-bin\apache-maven-3.8.3\repository\org\apache\httpcomponents\httpasyncclient\4.1.4\httpasyncclient-4.1.4.jar;D:\Software\Develop\Maven\apache-maven-3.8.3-bin\apache-maven-3.8.3\repository\org\apache\httpcomponents\httpcore\4.4.14\httpcore-4.4.14.jar;D:\Software\Develop\Maven\apache-maven-3.8.3-bin\apache-maven-3.8.3\repository\org\apache\httpcomponents\httpcore-nio\4.4.14\httpcore-nio-4.4.14.jar;D:\Software\Develop\Maven\apache-maven-3.8.3-bin\apache-maven-3.8.3\repository\org\apache\httpcomponents\httpclient\4.5.13\httpclient-4.5.13.jar;D:\Software\Develop\Maven\apache-maven-3.8.3-bin\apache-maven-3.8.3\repository\com\alibaba\nacos\nacos-api\1.4.1\nacos-api-1.4.1.jar;D:\Software\Develop\Maven\apache-maven-3.8.3-bin\apache-maven-3.8.3\repository\com\google\guava\guava\24.1.1-jre\guava-24.1.1-jre.jar;D:\Software\Develop\Maven\apache-maven-3.8.3-bin\apache-maven-3.8.3\repository\com\google\code\findbugs\jsr305\1.3.9\jsr305-1.3.9.jar;D:\Software\Develop\Maven\apache-maven-3.8.3-bin\apache-maven-3.8.3\repository\org\checkerframework\checker-compat-qual\2.0.0\checker-compat-qual-2.0.0.jar;D:\Software\Develop\Maven\apache-maven-3.8.3-bin\apache-maven-3.8.3\repository\com\google\errorprone\error_prone_annotations\2.1.3\error_prone_annotations-2.1.3.jar;D:\Software\Develop\Maven\apache-maven-3.8.3-bin\apache-maven-3.8.3\repository\com\google\j2objc\j2objc-annotations\1.1\j2objc-annotations-1.1.jar;D:\Software\Develop\Maven\apache-maven-3.8.3-bin\apache-maven-3.8.3\repository\org\codehaus\mojo\animal-sniffer-annotations\1.14\animal-sniffer-annotations-1.14.jar;D:\Software\Develop\Maven\apache-maven-3.8.3-bin\apache-maven-3.8.3\repository\commons-codec\commons-codec\1.15\commons-codec-1.15.jar;D:\Software\Develop\Maven\apache-maven-3.8.3-bin\apache-maven-3.8.3\repository\com\fasterxml\jackson\core\jackson-core\2.11.4\jackson-core-2.11.4.jar;D:\Software\Develop\Maven\apache-maven-3.8.3-bin\apache-maven-3.8.3\repository\io\prometheus\simpleclient\0.5.0\simpleclient-0.5.0.jar;D:\Software\Develop\Maven\apache-maven-3.8.3-bin\apache-maven-3.8.3\repository\com\alibaba\spring\spring-context-support\1.0.10\spring-context-support-1.0.10.jar;D:\Software\Develop\Maven\apache-maven-3.8.3-bin\apache-maven-3.8.3\repository\org\springframework\cloud\spring-cloud-commons\3.0.3\spring-cloud-commons-3.0.3.jar;D:\Software\Develop\Maven\apache-maven-3.8.3-bin\apache-maven-3.8.3\repository\org\springframework\security\spring-security-crypto\5.4.7\spring-security-crypto-5.4.7.jar;D:\Software\Develop\Maven\apache-maven-3.8.3-bin\apache-maven-3.8.3\repository\org\springframework\cloud\spring-cloud-context\3.0.3\spring-cloud-context-3.0.3.jar;D:\Software\Develop\Maven\apache-maven-3.8.3-bin\apache-maven-3.8.3\repository\com\alibaba\cloud\spring-cloud-starter-alibaba-nacos-config\2021.1\spring-cloud-starter-alibaba-nacos-config-2021.1.jar;D:\Software\Develop\Maven\apache-maven-3.8.3-bin\apache-maven-3.8.3\repository\com\alibaba\cloud\spring-cloud-starter-alibaba-seata\2021.1\spring-cloud-starter-alibaba-seata-2021.1.jar;D:\Software\Develop\Maven\apache-maven-3.8.3-bin\apache-maven-3.8.3\repository\org\springframework\boot\spring-boot-starter-aop\2.4.8\spring-boot-starter-aop-2.4.8.jar;D:\Software\Develop\Maven\apache-maven-3.8.3-bin\apache-maven-3.8.3\repository\org\aspectj\aspectjweaver\1.9.6\aspectjweaver-1.9.6.jar;D:\Software\Develop\Maven\apache-maven-3.8.3-bin\apache-maven-3.8.3\repository\io\seata\seata-spring-boot-starter\1.3.0\seata-spring-boot-starter-1.3.0.jar;D:\Software\Develop\Maven\apache-maven-3.8.3-bin\apache-maven-3.8.3\repository\io\seata\seata-all\1.3.0\seata-all-1.3.0.jar;D:\Software\Develop\Maven\apache-maven-3.8.3-bin\apache-maven-3.8.3\repository\io\netty\netty-all\4.1.65.Final\netty-all-4.1.65.Final.jar;D:\Software\Develop\Maven\apache-maven-3.8.3-bin\apache-maven-3.8.3\repository\com\alibaba\fastjson\1.2.60\fastjson-1.2.60.jar;D:\Software\Develop\Maven\apache-maven-3.8.3-bin\apache-maven-3.8.3\repository\com\alibaba\druid\1.1.12\druid-1.1.12.jar;D:\Software\Develop\Maven\apache-maven-3.8.3-bin\apache-maven-3.8.3\repository\com\typesafe\config\1.2.1\config-1.2.1.jar;D:\Software\Develop\Maven\apache-maven-3.8.3-bin\apache-maven-3.8.3\repository\commons-lang\commons-lang\2.6\commons-lang-2.6.jar;D:\Software\Develop\Maven\apache-maven-3.8.3-bin\apache-maven-3.8.3\repository\org\apache\commons\commons-pool2\2.9.0\commons-pool2-2.9.0.jar;D:\Software\Develop\Maven\apache-maven-3.8.3-bin\apache-maven-3.8.3\repository\commons-pool\commons-pool\1.6\commons-pool-1.6.jar;D:\Software\Develop\Maven\apache-maven-3.8.3-bin\apache-maven-3.8.3\repository\com\google\protobuf\protobuf-java\3.7.1\protobuf-java-3.7.1.jar;D:\Software\Develop\Maven\apache-maven-3.8.3-bin\apache-maven-3.8.3\repository\cglib\cglib\3.1\cglib-3.1.jar;D:\Software\Develop\Maven\apache-maven-3.8.3-bin\apache-maven-3.8.3\repository\org\ow2\asm\asm\4.2\asm-4.2.jar;D:\Software\Develop\Maven\apache-maven-3.8.3-bin\apache-maven-3.8.3\repository\aopalliance\aopalliance\1.0\aopalliance-1.0.jar;D:\Software\Develop\Maven\apache-maven-3.8.3-bin\apache-maven-3.8.3\repository\com\github\ben-manes\caffeine\caffeine\2.8.8\caffeine-2.8.8.jar;D:\Software\Develop\Maven\apache-maven-3.8.3-bin\apache-maven-3.8.3\repository\org\checkerframework\checker-qual\3.8.0\checker-qual-3.8.0.jar;D:\Software\Develop\Maven\apache-maven-3.8.3-bin\apache-maven-3.8.3\repository\tk\mybatis\mapper-spring-boot-starter\2.1.5\mapper-spring-boot-starter-2.1.5.jar;D:\Software\Develop\Maven\apache-maven-3.8.3-bin\apache-maven-3.8.3\repository\org\springframework\boot\spring-boot-starter-jdbc\2.4.8\spring-boot-starter-jdbc-2.4.8.jar;D:\Software\Develop\Maven\apache-maven-3.8.3-bin\apache-maven-3.8.3\repository\com\zaxxer\HikariCP\3.4.5\HikariCP-3.4.5.jar;D:\Software\Develop\Maven\apache-maven-3.8.3-bin\apache-maven-3.8.3\repository\org\springframework\spring-jdbc\5.3.8\spring-jdbc-5.3.8.jar;D:\Software\Develop\Maven\apache-maven-3.8.3-bin\apache-maven-3.8.3\repository\org\springframework\spring-tx\5.3.8\spring-tx-5.3.8.jar;D:\Software\Develop\Maven\apache-maven-3.8.3-bin\apache-maven-3.8.3\repository\org\mybatis\mybatis\3.5.7\mybatis-3.5.7.jar;D:\Software\Develop\Maven\apache-maven-3.8.3-bin\apache-maven-3.8.3\repository\org\mybatis\mybatis-spring\1.3.2\mybatis-spring-1.3.2.jar;D:\Software\Develop\Maven\apache-maven-3.8.3-bin\apache-maven-3.8.3\repository\tk\mybatis\mapper-core\1.1.5\mapper-core-1.1.5.jar;D:\Software\Develop\Maven\apache-maven-3.8.3-bin\apache-maven-3.8.3\repository\tk\mybatis\mapper-base\1.1.5\mapper-base-1.1.5.jar;D:\Software\Develop\Maven\apache-maven-3.8.3-bin\apache-maven-3.8.3\repository\tk\mybatis\mapper-weekend\1.1.5\mapper-weekend-1.1.5.jar;D:\Software\Develop\Maven\apache-maven-3.8.3-bin\apache-maven-3.8.3\repository\tk\mybatis\mapper-spring\1.1.5\mapper-spring-1.1.5.jar;D:\Software\Develop\Maven\apache-maven-3.8.3-bin\apache-maven-3.8.3\repository\tk\mybatis\mapper-extra\1.1.5\mapper-extra-1.1.5.jar;D:\Software\Develop\Maven\apache-maven-3.8.3-bin\apache-maven-3.8.3\repository\tk\mybatis\mapper-spring-boot-autoconfigure\2.1.5\mapper-spring-boot-autoconfigure-2.1.5.jar;D:\Software\Develop\Maven\apache-maven-3.8.3-bin\apache-maven-3.8.3\repository\tk\mybatis\mapper\4.1.5\mapper-4.1.5.jar;D:\Software\Develop\Maven\apache-maven-3.8.3-bin\apache-maven-3.8.3\repository\javax\persistence\persistence-api\1.0\persistence-api-1.0.jar;D:\Software\Develop\Maven\apache-maven-3.8.3-bin\apache-maven-3.8.3\repository\mysql\mysql-connector-java\8.0.25\mysql-connector-java-8.0.25.jar;D:\Software\Develop\Maven\apache-maven-3.8.3-bin\apache-maven-3.8.3\repository\org\springframework\cloud\spring-cloud-starter-openfeign\3.0.3\spring-cloud-starter-openfeign-3.0.3.jar;D:\Software\Develop\Maven\apache-maven-3.8.3-bin\apache-maven-3.8.3\repository\org\springframework\cloud\spring-cloud-starter\3.0.3\spring-cloud-starter-3.0.3.jar;D:\Software\Develop\Maven\apache-maven-3.8.3-bin\apache-maven-3.8.3\repository\org\springframework\security\spring-security-rsa\1.0.10.RELEASE\spring-security-rsa-1.0.10.RELEASE.jar;D:\Software\Develop\Maven\apache-maven-3.8.3-bin\apache-maven-3.8.3\repository\org\bouncycastle\bcpkix-jdk15on\1.68\bcpkix-jdk15on-1.68.jar;D:\Software\Develop\Maven\apache-maven-3.8.3-bin\apache-maven-3.8.3\repository\org\bouncycastle\bcprov-jdk15on\1.68\bcprov-jdk15on-1.68.jar;D:\Software\Develop\Maven\apache-maven-3.8.3-bin\apache-maven-3.8.3\repository\org\springframework\cloud\spring-cloud-openfeign-core\3.0.3\spring-cloud-openfeign-core-3.0.3.jar;D:\Software\Develop\Maven\apache-maven-3.8.3-bin\apache-maven-3.8.3\repository\io\github\openfeign\form\feign-form-spring\3.8.0\feign-form-spring-3.8.0.jar;D:\Software\Develop\Maven\apache-maven-3.8.3-bin\apache-maven-3.8.3\repository\io\github\openfeign\form\feign-form\3.8.0\feign-form-3.8.0.jar;D:\Software\Develop\Maven\apache-maven-3.8.3-bin\apache-maven-3.8.3\repository\commons-fileupload\commons-fileupload\1.4\commons-fileupload-1.4.jar;D:\Software\Develop\Maven\apache-maven-3.8.3-bin\apache-maven-3.8.3\repository\io\github\openfeign\feign-core\10.12\feign-core-10.12.jar;D:\Software\Develop\Maven\apache-maven-3.8.3-bin\apache-maven-3.8.3\repository\io\github\openfeign\feign-slf4j\10.12\feign-slf4j-10.12.jar;D:\Software\Develop\Maven\apache-maven-3.8.3-bin\apache-maven-3.8.3\repository\io\github\openfeign\feign-okhttp\10.2.3\feign-okhttp-10.2.3.jar;D:\Software\Develop\Maven\apache-maven-3.8.3-bin\apache-maven-3.8.3\repository\com\squareup\okhttp3\okhttp\3.14.9\okhttp-3.14.9.jar;D:\Software\Develop\Maven\apache-maven-3.8.3-bin\apache-maven-3.8.3\repository\com\squareup\okio\okio\1.17.2\okio-1.17.2.jar;D:\Software\Develop\Maven\apache-maven-3.8.3-bin\apache-maven-3.8.3\repository\org\springframework\cloud\spring-cloud-starter-bootstrap\3.0.3\spring-cloud-starter-bootstrap-3.0.3.jar;"/>
    <property name="sun.cpu.endian" value="little"/>
    <property name="user.home" value="C:\Users\yao"/>
    <property name="user.language" value="zh"/>
    <property name="java.specification.vendor" value="Oracle Corporation"/>
    <property name="java.home" value="D:\Software\Develop\Java\jdk1.8.0_281\jre"/>
    <property name="basedir" value="D:\Project\Java\MyDemo\springcloudDemo\springcloud-seata\springcloud-seata-at\springcloud-seata-at-storage"/>
    <property name="file.separator" value="\"/>
    <property name="line.separator" value="&#10;"/>
    <property name="java.vm.specification.vendor" value="Oracle Corporation"/>
    <property name="java.specification.name" value="Java Platform API Specification"/>
    <property name="java.awt.graphicsenv" value="sun.awt.Win32GraphicsEnvironment"/>
    <property name="surefire.real.class.path" value="C:\Users\yao\AppData\Local\Temp\surefire7049799678912475184\surefirebooter1431597093027657490.jar"/>
    <property name="sun.boot.class.path" value="D:\Software\Develop\Java\jdk1.8.0_281\jre\lib\resources.jar;D:\Software\Develop\Java\jdk1.8.0_281\jre\lib\rt.jar;D:\Software\Develop\Java\jdk1.8.0_281\jre\lib\sunrsasign.jar;D:\Software\Develop\Java\jdk1.8.0_281\jre\lib\jsse.jar;D:\Software\Develop\Java\jdk1.8.0_281\jre\lib\jce.jar;D:\Software\Develop\Java\jdk1.8.0_281\jre\lib\charsets.jar;D:\Software\Develop\Java\jdk1.8.0_281\jre\lib\jfr.jar;D:\Software\Develop\Java\jdk1.8.0_281\jre\classes"/>
    <property name="user.script" value=""/>
    <property name="sun.management.compiler" value="HotSpot 64-Bit Tiered Compilers"/>
    <property name="java.runtime.version" value="1.8.0_281-b09"/>
    <property name="user.name" value="yao"/>
    <property name="path.separator" value=";"/>
    <property name="os.version" value="10.0"/>
    <property name="java.endorsed.dirs" value="D:\Software\Develop\Java\jdk1.8.0_281\jre\lib\endorsed"/>
    <property name="java.runtime.name" value="Java(TM) SE Runtime Environment"/>
    <property name="file.encoding" value="GBK"/>
    <property name="java.vm.name" value="Java HotSpot(TM) 64-Bit Server VM"/>
    <property name="localRepository" value="D:\Software\Develop\Maven\apache-maven-3.8.3-bin\apache-maven-3.8.3\repository"/>
    <property name="java.vendor.url.bug" value="http://bugreport.sun.com/bugreport/"/>
    <property name="java.io.tmpdir" value="C:\Users\yao\AppData\Local\Temp\"/>
    <property name="idea.version" value="2021.2.3"/>
    <property name="java.version" value="1.8.0_281"/>
    <property name="user.dir" value="D:\Project\Java\MyDemo\springcloudDemo\springcloud-seata\springcloud-seata-at\springcloud-seata-at-storage"/>
    <property name="os.arch" value="amd64"/>
    <property name="java.vm.specification.name" value="Java Virtual Machine Specification"/>
    <property name="java.awt.printerjob" value="sun.awt.windows.WPrinterJob"/>
    <property name="sun.os.patch.level" value=""/>
    <property name="java.library.path" value="D:\Software\Develop\Java\jdk1.8.0_281\jre\bin;C:\Windows\Sun\Java\bin;C:\Windows\system32;C:\Windows;C:\Windows\system32;C:\Windows;C:\Windows\System32\Wbem;C:\Windows\System32\WindowsPowerShell\v1.0\;C:\Windows\System32\OpenSSH\;D:\Software\Develop\Java\jdk1.8.0_281\bin;D:\Software\Develop\Java\jdk1.8.0_281\jre\bin;D:\Software\Develop\Maven\apache-maven-3.8.3-bin\apache-maven-3.8.3\bin;D:\Software\Develop\Git\cmd;D:\Software\Develop\mysql\mysql-8.0.26-winx64\mysql-8.0.26-winx64\bin;D:\Software\Develop\xshell\;C:\Program Files\Go\bin;C:\Program Files\Docker\Docker\resources\bin;C:\ProgramData\DockerDesktop\version-bin;C:\Users\yao\AppData\Local\Microsoft\WindowsApps;D:\Software\Develop\JetBrains\IntelliJ IDEA 2021.1\bin;C:\Users\yao\AppData\Local\GitHubDesktop\bin;C:\Users\yao\go\bin;."/>
    <property name="java.vm.info" value="mixed mode"/>
    <property name="java.vendor" value="Oracle Corporation"/>
    <property name="java.vm.version" value="25.281-b09"/>
    <property name="java.ext.dirs" value="D:\Software\Develop\Java\jdk1.8.0_281\jre\lib\ext;C:\Windows\Sun\Java\lib\ext"/>
    <property name="sun.io.unicode.encoding" value="UnicodeLittle"/>
    <property name="maven.repo.local" value="D:\Software\Develop\Maven\apache-maven-3.8.3-bin\apache-maven-3.8.3\repository"/>
    <property name="java.class.version" value="52.0"/>
  </properties>
  <testcase name="contextLoads" classname="com.shidu.example.storage.ShiduExampleSeataStorageApplicationTests" time="0.129"/>
</testsuite>